#
#
#
#
#
#    Don't try viewing this report without a plog-converter utility!!!
#
#    plog-converter -a GA:1,2 -t tasklist -o report.tasks /path/to/this/file.log
#
#    A link to the documentation: https://pvs-studio.com/en/docs/manual/0036/
#
#
#
#
#
d99cf3ba-6fcd-43f9-9260-1179fa3a9bed
dR'8_uR%Rr[GVRER'haa@->uR%Rcka->o ;)RY=))>F-=sc.-:u%cY_c6-O))>)REc_-=s>UPuEc_-=s=-:u^nRER']uR%VJXER U2=u$2UaPR% U2=uER2uvu2R%*ERPu==UjuR%R1>'8aau'oc 8aPUo}c{8>=-_uac'Lu's->jcoLucoL-a_cU'ohU2cUajhPu>oc8 coLucNka->o Nc h>'o-8>}c,Luc.1HQ<Fc->oujuacofkucUajhPu>oc-=cu/ku'ou_}RER>u/o@->uR%Rcka->o ;)RQUPuccccccccccccccccccccccccccccpcccccccccccc.-:uc;O^pccccccCu=uavu_c;6-O^))>)R^nRERk8=-o-8>=R%!dR -2uR%R(a88o(O88o28U_ua(O6T.(9P =}'RER2->u=R%!J*X"B"ER=U=o1_R%R{<C,wT1?bGw{RB
dR'8_uR%Rr[GVRER'haa@->uR%Rcccka->o ;)RYw*J=cYJS22_cYJS22_))>)REcu>oaf}T-2uQUPuEcu>oaf}T-2u.-:uEc;u>oaf}Cu=uavu_O28's=+J^^nRER']uR%VJXER U2=u$2UaPR% U2=uER2uvu2R%*ERPu==UjuR%R1>'8aau'oc 8aPUo}c{8>=-_uac'Lu's->jcoLucoL-a_cU'ohU2cUajhPu>oc8 coLucNka->o Nc h>'o-8>}c,Luc.1HQ<Fc->oujuacofkucUajhPu>oc-=cu/ku'ou_}RER>u/o@->uR%RccBRERk8=-o-8>=R%!dR -2uR%R(a88o(O88o28U_ua(O6T.(9P =}'RER2->u=R%!J[b"B"ERkauv@->uR%RccdRER=U=o1_R%R{<C,wT1?bGw{RB
dR'8_uR%Rr[GVRER'haa@->uR%Rcccka->o ;)RYw*J=cYJS22_cYJS22_))>)REcu>oaf}T-2uQUPuEcu>oaf}T-2u.-:uEc;u>oaf}Cu=uavu_O28's=+J^^nRER']uR%VJXER U2=u$2UaPR% U2=uER2uvu2R%*ERPu==UjuR%R1>'8aau'oc 8aPUo}c{8>=-_uac'Lu's->jcoLuc 8haoLcU'ohU2cUajhPu>oc8 coLucNka->o Nc h>'o-8>}c,Luc.1HQ<Fc->oujuacofkucUajhPu>oc-=cu/ku'ou_}RER>u/o@->uR%RccBRERk8=-o-8>=R%!dR -2uR%R(a88o(O88o28U_ua(O6T.(9P =}'RER2->u=R%!J[b"B"ERkauv@->uR%RccdRER=U=o1_R%R{<C,wT1?bGw{RB
dR'8_uR%Rr[XbRER'haa@->uR%Rccc- c;_-=s.-:uc+cxSJbc3c_-=s.-:uc^c((c6Usuc=hauc]uc_8>Noc8vua 28]RER']uR%bXSER U2=u$2UaPR% U2=uER2uvu2R%*ERPu==UjuR%R,LucN_-=s.-:uNcvU2huc-=ckau=u>oc8>c98oLc=-_u=c8 coLucN3Nc8kuaUo8a}c,Lucu/kau==-8>c-=c->'8aau'oc8ac-oc'U>c9uc=-Pk2- -u_}RER>u/o@->uR%RcccdRERk8=-o-8>=R%!dR -2uR%R(a88o(O88o28U_ua(O6T.(9P =}'RER2->u=R%!*Vi"B"ERkauv@->uR%RccdRB
dR'8_uR%Rr[GVRER'haa@->uR%Rcccka->o ;)R<aa8a%cg>U92uco8c8ku>cY=c -2ucNY=N))>)REc988oT-2u,fkuEc988o^nRER']uR%VXGER U2=u$2UaPR% U2=uER2uvu2R%*ERPu==UjuR%R1>'8aau'oc 8aPUo}c{8>=-_uac'Lu's->jcoLuc=u'8>_cU'ohU2cUajhPu>oc8 coLucNka->o Nc h>'o-8>}cg>_uac'uaoU->c'8>_-o-8>=coLuck8->ouac'U>c9uc>h22}RER>u/o@->uR%RcccauocmcxnRERk8=-o-8>=R%!dR -2uR%R(a88o(O88o28U_ua(O6T.(9P =}'RER2->u=R%!bSX"B"ERkauv@->uR%RccdRER=U=o1_R%R{<C,wF{@xxw{RB
dR'8_uR%Rr[G[RER'haa@->uR%RccPuP=uo;9h  uaEcSEc9h  ua.-:u^nRER']uR%VJXER U2=u$2UaPR% U2=uER2uvu2R%*ERPu==UjuR%R,Luck8ou>o-U2c>h22ck8->ouac-=ckU==u_c->o8cNPuP=uoNc h>'o-8>}c1>=ku'ocoLuc -a=ocUajhPu>o}RER>u/o@->uR%Rcc]a-ou.-:ucmcSnRERk8=-o-8>=R%!dR -2uR%R(a88o(O88o28U_ua(O6T.(9P =}'RER2->u=R%!b[J"B"ERkauv@->uR%Rcc_8h92uckua'u>onRER=U=o1_R%R{<C,w<M\*Gw{RB
dR'8_uR%Rr[G[RER'haa@->uR%Rccau]->_;_-=s^nRER']uR%VJXER U2=u$2UaPR% U2=uER2uvu2R%*ERPu==UjuR%R,Luck8ou>o-U2c>h22ck8->ouac-=ckU==u_c->o8cNau]->_Nc h>'o-8>}c1>=ku'ocoLuc -a=ocUajhPu>o}RER>u/o@->uR%Rcc 8aPUo;^nRERk8=-o-8>=R%!dR -2uR%R(a88o(O88o28U_ua(O6T.(9P =}'RER2->u=R%!bXJ"B"ERkauv@->uR%RcdRER=U=o1_R%R{<C,w<M\*Gw{RB
dR'8_uR%RrxSSbRER'haa@->uR%Rcccka->o ;)R<aa8a%cTU-2u_co8cauU_c -2ucNY=N))>)REcP9a^nRER']uR%VXGER U2=u$2UaPR% U2=uER2uvu2R%*ERPu==UjuR%R,LucNP9aNck8->ouac]U=ch=u_ch>=U u2fcU ouac-oc]U=cvua- -u_cUjU->=oc>h22koa}c{Lu'sc2->u=%c*iJEc[Sx}RER>u/o@->uR%RcccauocmcxnRERk8=-o-8>=R%!dR -2uR%R(a88o(O88o28U_ua(O6T.(9P =}'RER2->u=R%![SxE*iJ"B"ERkauv@->uR%RccdRER=U=o1_R%R{<C,w<M\*bw{RB
dR'8_uR%Rr[i[RER'haa@->uR%Rcccc- c; uaa8a;_-=s^^RER']uR%bGVER U2=u$2UaPR% U2=uER2uvu2R%xERPu==UjuR%R,LucN_-=sNck8->ouac]U=cho-2-:u_c9u 8auc-oc]U=cvua- -u_cUjU->=oc>h22koa}c{Lu'sc2->u=%c[[JEc[G[}RER>u/o@->uR%RccccdRERk8=-o-8>=R%!dR -2uR%R(a88o(O88o28U_ua(O6T.(9P =}'RER2->u=R%![[JE[G["B"ERkauv@->uR%RcccdRER=U=o1_R%R{<C,w<M\xJw{RB
dR'8_uR%RrxS*JRER'haa@->uR%Rccck<>oafcmc;=oah'ocO6T.<>oafc+^;_-aK'8kfctco->oc+cVb^nc((ck8->o=co8coLuc'haau>oc_-au'o8afcu>oafRER']uR%Xb*ER U2=u$2UaPR% U2=uER2uvu2R%JERPu==UjuR%R,Luck8->ouacN_-aK'8kfNc-=c'U=oco8cUcP8auc=oa-'o2fcU2-j>u_ck8->ouacofku}RER>u/o@->uR%Rccc- c;k<>oafw3T-2uQUPu!S"cmmcS/SS^c((cu>_c8 c_-au'o8afRERk8=-o-8>=R%!dR -2uR%R(a88o(O88o28U_ua(O6T.(9P =}'RER2->u=R%!V*X"B"ERkauv@->uR%RccdRER=U=o1_R%R{<C,w<M\*Vw{RB
dR'8_uR%Rr[GVRER'haa@->uR%Rcccka->o ;)R{U>>8oc'auUouc -2uc8 c=-:ucY22_c6-O}))>)REcPU/=-:u^nRER']uR%VJXER U2=u$2UaPR% U2=uER2uvu2R%*ERPu==UjuR%R1>'8aau'oc 8aPUo}c{8>=-_uac'Lu's->jcoLuc=u'8>_cU'ohU2cUajhPu>oc8 coLucNka->o Nc h>'o-8>}c,Luc.1HQ<Fc->oujuacofkucUajhPu>oc-=cu/ku'ou_}RER>u/o@->uR%Rcccauoha>nRERk8=-o-8>=R%!dR -2uR%R(a88o(O88o28U_ua(O6T.(9P =}'RER2->u=R%!VXi"B"ERkauv@->uR%RccdRER=U=o1_R%R{<C,wT1?bGw{RB
dR'8_uR%RrxS*JRER'haa@->uR%Rcck<>oafcmc;=oah'ocO6T.<>oafc+^;F-au'o8afctc -a=oK auuKu>oafc+cVb^nRER']uR%Xb*ER U2=u$2UaPR% U2=uER2uvu2R%JERPu==UjuR%R,Luck8->ouacNF-au'o8afNc-=c'U=oco8cUcP8auc=oa-'o2fcU2-j>u_ck8->ouacofku}RER>u/o@->uR%Rcck<>oafw3.oUao->jO28'scmc>u]K -2uK=oUaonRERk8=-o-8>=R%!dR -2uR%R(a88o(O88o28U_ua(O6T.(9P =}'RER2->u=R%!Vib"B"ERkauv@->uR%Rcc((c$__c -2ucau'8a_co8cF-au'o8afRER=U=o1_R%R{<C,w<M\*Vw{RB
dR'8_uR%Rr[VVRER'haa@->uR%R=oUo-'cv8-_c+c'8>=oc=UPk2u{8_u68_h2u$__au==cmc;v8-_+^S/bSSSSSnc((cg=ua2U>_c'8P-u>:Ucu>c2Uc_-au''-8>cS/bSSSSSRER']uR%[XGER U2=u$2UaPR% U2=uER2uvu2R%*ERPu==UjuR%R,Luc->oujuac'8>=oU>oc-=c'8>vuaou_co8ck8->oua}c\8==-92fcU>cuaa8ac8acUc9U_c'8_->jc=of2u%c;v8-_c+^cS/bSSSSSRER>u/o@->uR%R=oUo-'cv8-_c+c'8>=oc=UPk2uFUoU68_h2u$__au==cmc;v8-_+^S/[SSSSSnRERk8=-o-8>=R%!dR -2uR%R(a88o(`ua>u2(`ua>u2(sua>u2}'RER2->u=R%!J["B"ERkauv@->uR%R->oc'haaKka8'u==cmcSnRER=U=o1_R%R{<C,w1Q,*Vw{RB
dR'8_uR%Rr[VVRER'haa@->uR%R=oUo-'cv8-_c+c'8>=oc=UPk2uFUoU68_h2u$__au==cmc;v8-_+^S/[SSSSSnRER']uR%[XGER U2=u$2UaPR% U2=uER2uvu2R%*ERPu==UjuR%R,Luc->oujuac'8>=oU>oc-=c'8>vuaou_co8ck8->oua}c\8==-92fcU>cuaa8ac8acUc9U_c'8_->jc=of2u%c;v8-_c+^cS/[SSSSSRERk8=-o-8>=R%!dR -2uR%R(a88o(`ua>u2(`ua>u2(sua>u2}'RER2->u=R%!JV"B"ERkauv@->uR%R=oUo-'cv8-_c+c'8>=oc=UPk2u{8_u68_h2u$__au==cmc;v8-_+^S/bSSSSSnc((cg=ua2U>_c'8P-u>:Ucu>c2Uc_-au''-8>cS/bSSSSSRER=U=o1_R%R{<C,w1Q,*Vw{RB
dR'8_uR%Rr[VVRER'haa@->uR%R=oUo-'ch->oXKoc+c'8>=ocv-_u8cmc;h->oXKo+^S/OXSSSnccc((c@Uck2U'Uc_ucv-_u8c'8P-u>:Ucu>c2Uc_-au''-8>cS/OXSSSRER']uR%[XGER U2=u$2UaPR% U2=uER2uvu2R%*ERPu==UjuR%R,Luc->oujuac'8>=oU>oc-=c'8>vuaou_co8ck8->oua}c\8==-92fcU>cuaa8ac8acUc9U_c'8_->jc=of2u%c;h->oXKoc+^cS/OXSSSRER>u/o@->uR%R=oUo-'ch->oXKoc+c'haau>or-_u8cmc;h->oXKo+^S/OXSSSnccc((c1>_-'Uc2Uck8=-'-8>cU'ohU2c_8>_uc=ucu=oUc-Pka-P-u>_8ck8ackU>oU22URERk8=-o-8>=R%!dR -2uR%R(a88o(`ua>u2(_a-vua=(>U-vu{8>=82u}'RER2->u=R%!X"B"ERkauv@->uR%R=oUo-'c'LUac9h  ua!Vb"cmcdcScBncccccc((c.uc'hu>oUc'8>ch>c9h  uac_ucVbc'UaU'ouau=RER=U=o1_R%R{<C,w1Q,*Vw{RB
dR'8_uR%Rr[VVRER'haa@->uR%R=oUo-'ch->oXKoc+c'haau>or-_u8cmc;h->oXKo+^S/OXSSSnccc((c1>_-'Uc2Uck8=-'-8>cU'ohU2c_8>_uc=ucu=oUc-Pka-P-u>_8ck8ackU>oU22URER']uR%[XGER U2=u$2UaPR% U2=uER2uvu2R%*ERPu==UjuR%R,Luc->oujuac'8>=oU>oc-=c'8>vuaou_co8ck8->oua}c\8==-92fcU>cuaa8ac8acUc9U_c'8_->jc=of2u%c;h->oXKoc+^cS/OXSSSRER>u/o@->uR%R=oUo-'c'8>=och->o*JKoc]-_oLcmcXSnccccccc((c@UckU>oU22Ucu=ch>UcPUoa-:c_ucXS/J[c'UaU'ouau=c;2Uaj8MU2o8^RERk8=-o-8>=R%!dR -2uR%R(a88o(`ua>u2(_a-vua=(>U-vu{8>=82u}'RER2->u=R%!i"B"ERkauv@->uR%R=oUo-'ch->oXKoc+c'8>=ocv-_u8cmc;h->oXKo+^S/OXSSSnccc((c@Uck2U'Uc_ucv-_u8c'8P-u>:Ucu>c2Uc_-au''-8>cS/OXSSSRER=U=o1_R%R{<C,w1Q,*Vw{RB
dR'8_uR%Rr[VVRER'haa@->uR%R=oUo-'ch->oXKoc+c'8>=ocv-_u8K=oUaocmc;h->oXKoc+^cS/OXSSSnRER']uR%[XGER U2=u$2UaPR% U2=uER2uvu2R%*ERPu==UjuR%R,Luc->oujuac'8>=oU>oc-=c'8>vuaou_co8ck8->oua}c\8==-92fcU>cuaa8ac8acUc9U_c'8_->jc=of2u%c;h->oXKoc+^cS/OXSSSRERk8=-o-8>=R%!dR -2uR%R(a88o(`ua>u2(_a-vua=(v-_u8K_a-vua}'RER2->u=R%![["B"ERkauv@->uR%R((h->oXKockUaUc~huc'hU>_8cLU'uP8=cttEcvUfUcUvU>:U>_8c_ucUcxc9fouRER=U=o1_R%R{<C,w1Q,*Vw{RB
dR'8_uR%Rr[JJRER'haa@->uR%Rcccccccccccc;9h  ua!-"}928'su_Kka8'u==u=^!5"cmck-_nRER']uR%ViSER U2=u$2UaPR% U2=uER2uvu2R%*ERPu==UjuR%R,LuaucP-jLoc9uc_uau uau>'->jc8 cUck8ou>o-U2c>h22ck8->ouacN9h  ua!-"}928'su_Kka8'u==u=N}RER>u/o@->uR%RccccccccBRERk8=-o-8>=R%!dR -2uR%R(a88o(`ua>u2(-k'(=uPUkL8au=}'RER2->u=R%!VSi"B"ERkauv@->uR%Rcccccccccccck-_cmc+k-_KknRER=U=o1_R%R{<C,w6<6[Jw{\\RB
dR'8_uR%Rr[JJRER'haa@->uR%Rcccccccccccc;9h  ua!-"}'8>>u'ou_Kka8'u==u=^!5"cmck-_nRER']uR%ViSER U2=u$2UaPR% U2=uER2uvu2R%*ERPu==UjuR%R,LuaucP-jLoc9uc_uau uau>'->jc8 cUck8ou>o-U2c>h22ck8->ouacN9h  ua!-"}'8>>u'ou_Kka8'u==u=N}RER>u/o@->uR%RccccccccBRERk8=-o-8>=R%!dR -2uR%R(a88o(`ua>u2(-k'(=uPUkL8au=}'RER2->u=R%!VxV"B"ERkauv@->uR%Rcccccccccccck-_cmc+k-_KknRER=U=o1_R%R{<C,w6<6[Jw{\\RB
dR'8_uR%Rr[VVRER'haa@->uR%R=oUo-'c'8>=och->oXKo+c=oUaoKU__au==cmc;h->oXKo+^cS/VSSSSSnRER']uR%[XGER U2=u$2UaPR% U2=uER2uvu2R%*ERPu==UjuR%R,Luc->oujuac'8>=oU>oc-=c'8>vuaou_co8ck8->oua}c\8==-92fcU>cuaa8ac8acUc9U_c'8_->jc=of2u%c;h->oXKoc+^cS/VSSSSSRER>u/o@->uR%R=oUo-'c'8>=och->oXKo+cu>_KU__au==cmc;h->oXKo+^S/XSSSSSnRERk8=-o-8>=R%!dR -2uR%R(a88o(`ua>u2(PP(PPK2-=o}'RER2->u=R%!xx"B"ER=U=o1_R%R{<C,w1Q,*Vw{RB
dR'8_uR%Rr[VVRER'haa@->uR%R=oUo-'c'8>=och->oXKo+cu>_KU__au==cmc;h->oXKo+^S/XSSSSSnRER']uR%[XGER U2=u$2UaPR% U2=uER2uvu2R%*ERPu==UjuR%R,Luc->oujuac'8>=oU>oc-=c'8>vuaou_co8ck8->oua}c\8==-92fcU>cuaa8ac8acUc9U_c'8_->jc=of2u%c;h->oXKoc+^cS/XSSSSSRER>u/o@->uR%R=oUo-'ch->oVbKocU228'Uou_K9fou=mSnRERk8=-o-8>=R%!dR -2uR%R(a88o(`ua>u2(PP(PPK2-=o}'RER2->u=R%!xJ"B"ERkauv@->uR%R=oUo-'c'8>=och->oXKo+c=oUaoKU__au==cmc;h->oXKo+^cS/VSSSSSnRER=U=o1_R%R{<C,w1Q,*Vw{RB
